<?xml version="1.0" encoding="UTF-8"?>
<!-- Generated by org.testng.reporters.JUnitXMLReporter -->
<testsuite ignored="1" hostname="DESKTOP-CMJCERN" failures="0" tests="3" name="Default test" time="2.67" errors="0" timestamp="2022-02-09T02:25:43 EET">
  <testcase classname="tests.TestScenario1" name="UserCanSelectApps" time="1.351"/>
  <testcase classname="tests.TestScenario1" name="UserCanSelectEducation" time="0.347"/>
  <testcase classname="tests.TestScenario1" name="UserCanSearchForTED" time="0.894"/>
  <testcase classname="tests.TestScenario1" name="UserCanSelectTEDspp" time="0.0">
    <ignored/>
  </testcase> <!-- UserCanSelectTEDspp -->
</testsuite> <!-- Default test -->
