<?xml version="1.0" encoding="UTF-8"?>
<testng-results ignored="1" total="4" passed="3" failed="0" skipped="0">
  <reporter-output>
  </reporter-output>
  <suite started-at="2022-02-09T02:25:41 EET" name="Default suite" finished-at="2022-02-09T02:25:43 EET" duration-ms="2670">
    <groups>
    </groups>
    <test started-at="2022-02-09T02:25:41 EET" name="Default test" finished-at="2022-02-09T02:25:43 EET" duration-ms="2670">
      <class name="tests.TestScenario1">
        <test-method is-config="true" signature="startDriver()[pri:0, instance:tests.TestScenario1@6392827e]" started-at="2022-02-09T02:25:33 EET" name="startDriver" finished-at="2022-02-09T02:25:41 EET" duration-ms="7215" status="PASS">
          <reporter-output>
          </reporter-output>
        </test-method> <!-- startDriver -->
        <test-method signature="UserCanSelectApps()[pri:0, instance:tests.TestScenario1@6392827e]" started-at="2022-02-09T02:25:41 EET" name="UserCanSelectApps" finished-at="2022-02-09T02:25:42 EET" duration-ms="1351" status="PASS">
          <reporter-output>
          </reporter-output>
        </test-method> <!-- UserCanSelectApps -->
        <test-method signature="UserCanSelectEducation()[pri:1, instance:tests.TestScenario1@6392827e]" started-at="2022-02-09T02:25:42 EET" name="UserCanSelectEducation" finished-at="2022-02-09T02:25:42 EET" duration-ms="347" status="PASS">
          <reporter-output>
          </reporter-output>
        </test-method> <!-- UserCanSelectEducation -->
        <test-method signature="UserCanSearchForTED()[pri:2, instance:tests.TestScenario1@6392827e]" started-at="2022-02-09T02:25:42 EET" name="UserCanSearchForTED" finished-at="2022-02-09T02:25:43 EET" duration-ms="894" status="PASS">
          <reporter-output>
          </reporter-output>
        </test-method> <!-- UserCanSearchForTED -->
      </class> <!-- tests.TestScenario1 -->
    </test> <!-- Default test -->
  </suite> <!-- Default suite -->
</testng-results>
